  rtkpos.c
  rtkcmn.c
d:\program_opensourse\github\clanguagetry\consoleapplication2\consoleapplication2\rtkcmn.c(3117): warning C4477: “sprintf”: 格式字符串“%s”需要类型“char *”的参数，但可变参数 2 拥有了类型“WCHAR *”
  d:\program_opensourse\github\clanguagetry\consoleapplication2\consoleapplication2\rtkcmn.c(3117): note: 请考虑在格式字符串中使用“%ls”
  d:\program_opensourse\github\clanguagetry\consoleapplication2\consoleapplication2\rtkcmn.c(3117): note: 请考虑在格式字符串中使用“%lls”
  d:\program_opensourse\github\clanguagetry\consoleapplication2\consoleapplication2\rtkcmn.c(3117): note: 请考虑在格式字符串中使用“%Ls”
  d:\program_opensourse\github\clanguagetry\consoleapplication2\consoleapplication2\rtkcmn.c(3117): note: 请考虑在格式字符串中使用“%ws”
d:\program_opensourse\github\clanguagetry\consoleapplication2\consoleapplication2\rtkcmn.c(3120): warning C4477: “sprintf”: 格式字符串“%s”需要类型“char *”的参数，但可变参数 2 拥有了类型“WCHAR *”
  d:\program_opensourse\github\clanguagetry\consoleapplication2\consoleapplication2\rtkcmn.c(3120): note: 请考虑在格式字符串中使用“%ls”
  d:\program_opensourse\github\clanguagetry\consoleapplication2\consoleapplication2\rtkcmn.c(3120): note: 请考虑在格式字符串中使用“%lls”
  d:\program_opensourse\github\clanguagetry\consoleapplication2\consoleapplication2\rtkcmn.c(3120): note: 请考虑在格式字符串中使用“%Ls”
  d:\program_opensourse\github\clanguagetry\consoleapplication2\consoleapplication2\rtkcmn.c(3120): note: 请考虑在格式字符串中使用“%ws”
d:\program_opensourse\github\clanguagetry\consoleapplication2\consoleapplication2\rtkcmn.c(3180): warning C4133: “函数”: 从“char [1024]”到“LPCWSTR”的类型不兼容
  preceph.c
d:\program_opensourse\github\clanguagetry\consoleapplication2\consoleapplication2\preceph.c(358): warning C4029: 声明的形参表不同于定义
  postpos_function.c
  options.c
  geoid.c
  ConsoleApplication2.c
  正在生成代码...
postpos_function.obj : error LNK2019: 无法解析的外部符号 _readtec，该符号在函数 _execses 中被引用
postpos_function.obj : error LNK2019: 无法解析的外部符号 _readrnxt，该符号在函数 _readobsnav 中被引用
postpos_function.obj : error LNK2019: 无法解析的外部符号 _readrnxc，该符号在函数 _readpreceph 中被引用
postpos_function.obj : error LNK2019: 无法解析的外部符号 _readfcb，该符号在函数 _readpreceph 中被引用
postpos_function.obj : error LNK2019: 无法解析的外部符号 _init_rtcm，该符号在函数 _readpreceph 中被引用
postpos_function.obj : error LNK2019: 无法解析的外部符号 _free_rtcm，该符号在函数 _freepreceph 中被引用
postpos_function.obj : error LNK2019: 无法解析的外部符号 _input_rtcm3f，该符号在函数 _update_rtcm_ssr 中被引用
postpos_function.obj : error LNK2019: 无法解析的外部符号 _outprcopt，该符号在函数 _outheader 中被引用
postpos_function.obj : error LNK2019: 无法解析的外部符号 _outsolhead，该符号在函数 _outheader 中被引用
postpos_function.obj : error LNK2019: 无法解析的外部符号 _outsol，该符号在函数 _combres 中被引用
postpos_function.obj : error LNK2019: 无法解析的外部符号 _sbsreadmsg，该符号在函数 _readpreceph 中被引用
postpos_function.obj : error LNK2019: 无法解析的外部符号 _sbsupdatecorr，该符号在函数 _inputobs 中被引用
postpos_function.obj : error LNK2019: 无法解析的外部符号 _pntpos，该符号在函数 _avepos 中被引用
rtkpos.obj : error LNK2001: 无法解析的外部符号 _pntpos
postpos_function.obj : error LNK2019: 无法解析的外部符号 _pppcorr_read，该符号在函数 _readpreceph 中被引用
postpos_function.obj : error LNK2019: 无法解析的外部符号 _lexupdatecorr，该符号在函数 _inputobs 中被引用
postpos_function.obj : error LNK2019: 无法解析的外部符号 _lexreadmsg，该符号在函数 _readpreceph 中被引用
rtkpos.obj : error LNK2019: 无法解析的外部符号 _tidedisp，该符号在函数 _zdres 中被引用
rtkpos.obj : error LNK2019: 无法解析的外部符号 _satposs，该符号在函数 _intpres 中被引用
rtkpos.obj : error LNK2019: 无法解析的外部符号 _lambda，该符号在函数 _resamb_LAMBDA 中被引用
rtkpos.obj : error LNK2019: 无法解析的外部符号 _pppos，该符号在函数 _rtkpos 中被引用
rtkpos.obj : error LNK2019: 无法解析的外部符号 _pppnx，该符号在函数 _rtkinit 中被引用
rtkpos.obj : error LNK2019: 无法解析的外部符号 _pppoutstat，该符号在函数 _rtkoutstat 中被引用
D:\Program_OpenSourse\GitHub\CLanguageTry\ConsoleApplication2\Debug\ConsoleApplication2.exe : fatal error LNK1120: 22 个无法解析的外部命令
